<?xml version="1.0" encoding="UTF-8"?>
<!-- Generated by org.testng.reporters.JUnitXMLReporter -->
<testsuite ignored="0" hostname="DESKTOP-EJHI608" failures="0" tests="4" name="Test" time="4.528" errors="0" timestamp="2023-12-28T23:11:20 IST">
  <testcase classname="testcases.TestBrowsers" name="testCase1" time="4.474"/>
  <testcase classname="testcases.TestBrowsers" name="fourthTest" time="0.001"/>
  <testcase classname="testcases.TestBrowsers" name="secondTest" time="0.008"/>
  <testcase classname="testcases.TestBrowsers" name="thirdTest" time="0.003"/>
</testsuite> <!-- Test -->
